[
    {
        "logtime": "2018/06/05 17:47:18",
        "logdata": [
            {
                "main": 1,
                "kindid": 518,
                "len": 213,
                "sub": 2
            },
            {
                "main": 3,
                "kindid": 518,
                "len": 70,
                "sub": 3
            },
            {
                "main": 100,
                "kindid": 518,
                "len": 9,
                "sub": 1
            },
            {
                "main": 100,
                "kindid": 518,
                "len": 0,
                "sub": 2
            }
        ]
    }
]