[
    {
        "logtime": "2018/06/04 10:53:05",
        "logdata": [
            {
                "main": 100,
                "kindid": 518,
                "len": 0,
                "sub": 2
            },
            {
                "main": 100,
                "kindid": 518,
                "len": 0,
                "sub": 2
            },
            {
                "main": 200,
                "kindid": 518,
                "len": 10,
                "sub": 6
            },
            {
                "main": 3,
                "kindid": 518,
                "len": 5,
                "sub": 4
            },
            {
                "main": 1,
                "kindid": 518,
                "len": 213,
                "sub": 2
            }
        ]
    },
    {
        "logtime": "2018/06/04 10:53:37",
        "logdata": [
            {
                "main": 100,
                "kindid": 518,
                "len": 0,
                "sub": 2
            },
            {
                "main": 200,
                "kindid": 518,
                "len": 10,
                "sub": 6
            },
            {
                "main": 3,
                "kindid": 518,
                "len": 5,
                "sub": 4
            },
            {
                "main": 1,
                "kindid": 518,
                "len": 213,
                "sub": 2
            },
            {
                "main": 1,
                "kindid": 518,
                "len": 213,
                "sub": 2
            }
        ]
    },
    {
        "logtime": "2018/06/04 10:53:38",
        "logdata": [
            {
                "main": 200,
                "kindid": 518,
                "len": 10,
                "sub": 6
            },
            {
                "main": 3,
                "kindid": 518,
                "len": 5,
                "sub": 4
            },
            {
                "main": 1,
                "kindid": 518,
                "len": 213,
                "sub": 2
            },
            {
                "main": 1,
                "kindid": 518,
                "len": 213,
                "sub": 2
            },
            {
                "main": 1,
                "kindid": 518,
                "len": 213,
                "sub": 2
            }
        ]
    },
    {
        "logtime": "2018/06/04 10:53:41",
        "logdata": [
            {
                "main": 3,
                "kindid": 518,
                "len": 5,
                "sub": 4
            },
            {
                "main": 1,
                "kindid": 518,
                "len": 213,
                "sub": 2
            },
            {
                "main": 1,
                "kindid": 518,
                "len": 213,
                "sub": 2
            },
            {
                "main": 1,
                "kindid": 518,
                "len": 213,
                "sub": 2
            },
            {
                "main": 1,
                "kindid": 518,
                "len": 213,
                "sub": 2
            }
        ]
    },
    {
        "logtime": "2018/06/04 10:53:42",
        "logdata": [
            {
                "main": 1,
                "kindid": 518,
                "len": 213,
                "sub": 2
            },
            {
                "main": 1,
                "kindid": 518,
                "len": 213,
                "sub": 2
            },
            {
                "main": 1,
                "kindid": 518,
                "len": 213,
                "sub": 2
            },
            {
                "main": 1,
                "kindid": 518,
                "len": 213,
                "sub": 2
            },
            {
                "main": 1,
                "kindid": 518,
                "len": 213,
                "sub": 2
            }
        ]
    },
    {
        "logtime": "2018/06/04 10:53:52",
        "logdata": [
            {
                "main": 1,
                "kindid": 518,
                "len": 213,
                "sub": 2
            },
            {
                "main": 1,
                "kindid": 518,
                "len": 213,
                "sub": 2
            },
            {
                "main": 1,
                "kindid": 518,
                "len": 213,
                "sub": 2
            },
            {
                "main": 1,
                "kindid": 518,
                "len": 213,
                "sub": 2
            },
            {
                "main": 1,
                "kindid": 518,
                "len": 213,
                "sub": 2
            }
        ]
    },
    {
        "logtime": "2018/06/04 10:53:53",
        "logdata": [
            {
                "main": 1,
                "kindid": 518,
                "len": 213,
                "sub": 2
            },
            {
                "main": 1,
                "kindid": 518,
                "len": 213,
                "sub": 2
            },
            {
                "main": 1,
                "kindid": 518,
                "len": 213,
                "sub": 2
            },
            {
                "main": 1,
                "kindid": 518,
                "len": 213,
                "sub": 2
            },
            {
                "main": 1,
                "kindid": 518,
                "len": 213,
                "sub": 2
            }
        ]
    }
]