[
    {
        "logtime": "2018/04/03 14:41:34",
        "logdata": [
            {
                "main": 3,
                "kindid": 518,
                "len": 331,
                "sub": 380
            }
        ]
    },
    {
        "logtime": "2018/04/03 14:41:40",
        "logdata": [
            {
                "main": 3,
                "kindid": 518,
                "len": 331,
                "sub": 380
            },
            {
                "main": 3,
                "kindid": 518,
                "len": 331,
                "sub": 380
            }
        ]
    }
]