[
    {
        "logtime": "2018/05/24 10:23:42",
        "logdata": [
            {
                "main": 3,
                "kindid": 510,
                "len": 70,
                "sub": 165
            },
            {
                "main": 3,
                "kindid": 510,
                "len": 65,
                "sub": 168
            },
            {
                "main": 3,
                "kindid": 510,
                "len": 280,
                "sub": 163
            }
        ]
    }
]