  CCHTTPRequest.cpp
  DeviceEx-win32.cpp
  PlayerEditBoxServiceWin.cpp
  PlayerFileDialogServiceWin.cpp
  PlayerMenuServiceWin.cpp
  PlayerMessageBoxServiceWin.cpp
  PlayerTaskServiceWin.cpp
  PlayerWin.cpp
  ProjectConfig.cpp
  SimulatorConfig.cpp
  AppEvent.cpp
  AppLang.cpp
  PlayerMenuServiceProtocol.cpp
  PlayerProtocol.cpp
  PlayerServiceProtocol.cpp
  PlayerSettings.cpp
  PlayerTaskServiceProtocol.cpp
  PlayerUtils.cpp
  extension_set.cc
  generated_message_util.cc
  coded_stream.cc
  zero_copy_stream.cc
  zero_copy_stream_impl_lite.cc
  message_lite.cc
  repeated_field.cc
C:\Program Files (x86)\Microsoft Visual Studio 14.0\VC\include\xutility(2372): warning C4996: 'std::copy::_Unchecked_iterators::_Deprecate': Call to 'std::copy' with parameters that may be unsafe - this call relies on the caller to check that the passed values are correct. To disable this warning, use -D_SCL_SECURE_NO_WARNINGS. See documentation on how to use Visual C++ 'Checked Iterators' (编译源文件 ..\lib\protobuf-lite\google\protobuf\extension_set.cc)
  C:\Program Files (x86)\Microsoft Visual Studio 14.0\VC\include\xutility(2372): note: 参见“std::copy::_Unchecked_iterators::_Deprecate”的声明 (编译源文件 ..\lib\protobuf-lite\google\protobuf\extension_set.cc)
  D:\Mobile\frameworks\cocos2d-x\tools\simulator\libsimulator\lib\protobuf-lite\google/protobuf/repeated_field.h(785): note: 参见对正在编译的函数 模板 实例化“_OutIt std::copy<const Element[],Element[]>(_InIt,_InIt,_OutIt)”的引用
          with
          [
              _OutIt=google::protobuf::int64 [],
              Element=google::protobuf::int64,
              _InIt=const google::protobuf::int64 []
          ] (编译源文件 ..\lib\protobuf-lite\google\protobuf\extension_set.cc)
  D:\Mobile\frameworks\cocos2d-x\tools\simulator\libsimulator\lib\protobuf-lite\google/protobuf/repeated_field.h(784): note: 编译类 模板 成员函数“void google::protobuf::internal::ElementCopier<Element,false>::operator ()(Element [],const Element [],int)”时
          with
          [
              Element=google::protobuf::int64
          ] (编译源文件 ..\lib\protobuf-lite\google\protobuf\extension_set.cc)
  D:\Mobile\frameworks\cocos2d-x\tools\simulator\libsimulator\lib\protobuf-lite\google/protobuf/repeated_field.h(777): note: 参见对正在编译的函数 模板 实例化“void google::protobuf::internal::ElementCopier<Element,false>::operator ()(Element [],const Element [],int)”的引用
          with
          [
              Element=google::protobuf::int64
          ] (编译源文件 ..\lib\protobuf-lite\google\protobuf\extension_set.cc)
  D:\Mobile\frameworks\cocos2d-x\tools\simulator\libsimulator\lib\protobuf-lite\google/protobuf/repeated_field.h(777): note: 参见对正在编译的类 模板 实例化“google::protobuf::internal::ElementCopier<Element,false>”的引用
          with
          [
              Element=google::protobuf::int64
          ] (编译源文件 ..\lib\protobuf-lite\google\protobuf\extension_set.cc)
  D:\Mobile\frameworks\cocos2d-x\tools\simulator\libsimulator\lib\protobuf-lite\google/protobuf/repeated_field.h(776): note: 编译类 模板 成员函数“void google::protobuf::RepeatedField<google::protobuf::int64>::CopyArray(Element [],const Element [],int)”时
          with
          [
              Element=google::protobuf::int64
          ] (编译源文件 ..\lib\protobuf-lite\google\protobuf\extension_set.cc)
  D:\Mobile\frameworks\cocos2d-x\tools\simulator\libsimulator\lib\protobuf-lite\google/protobuf/repeated_field.h(677): note: 参见对正在编译的函数 模板 实例化“void google::protobuf::RepeatedField<google::protobuf::int64>::CopyArray(Element [],const Element [],int)”的引用
          with
          [
              Element=google::protobuf::int64
          ] (编译源文件 ..\lib\protobuf-lite\google\protobuf\extension_set.cc)
  D:\Mobile\frameworks\cocos2d-x\tools\simulator\libsimulator\lib\protobuf-lite\google/protobuf/repeated_field.h(552): note: 编译类 模板 成员函数“google::protobuf::RepeatedField<google::protobuf::int64>::RepeatedField(void)”时 (编译源文件 ..\lib\protobuf-lite\google\protobuf\extension_set.cc)
  ..\lib\protobuf-lite\google\protobuf\extension_set.cc(298): note: 参见对正在编译的函数 模板 实例化“google::protobuf::RepeatedField<google::protobuf::int64>::RepeatedField(void)”的引用
  ..\lib\protobuf-lite\google\protobuf\extension_set.cc(298): note: 参见对正在编译的类 模板 实例化“google::protobuf::RepeatedField<google::protobuf::int64>”的引用
..\lib\protobuf-lite\google\protobuf\io\zero_copy_stream_impl_lite.cc(157): warning C4018: “<”: 有符号/无符号不匹配
..\lib\protobuf-lite\google\protobuf\io\zero_copy_stream_impl_lite.cc(177): warning C4018: “<=”: 有符号/无符号不匹配
  atomicops_internals_x86_gcc.cc
  atomicops_internals_x86_msvc.cc
  common.cc
  once.cc
  stringprintf.cc
  wire_format_lite.cc
  ConfigParser.cpp
..\lib\protobuf-lite\google\protobuf\stubs\common.cc(377): warning C4018: “<”: 有符号/无符号不匹配
..\lib\protobuf-lite\google\protobuf\stubs\stringprintf.cc(152): warning C4018: “<”: 有符号/无符号不匹配
  ConnectWaitLayer.cpp
  ConsoleCommand.cpp
C:\Program Files (x86)\Microsoft Visual Studio 14.0\VC\include\xutility(2372): warning C4996: 'std::copy::_Unchecked_iterators::_Deprecate': Call to 'std::copy' with parameters that may be unsafe - this call relies on the caller to check that the passed values are correct. To disable this warning, use -D_SCL_SECURE_NO_WARNINGS. See documentation on how to use Visual C++ 'Checked Iterators' (编译源文件 ..\lib\protobuf-lite\google\protobuf\wire_format_lite.cc)
  C:\Program Files (x86)\Microsoft Visual Studio 14.0\VC\include\xutility(2372): note: 参见“std::copy::_Unchecked_iterators::_Deprecate”的声明 (编译源文件 ..\lib\protobuf-lite\google\protobuf\wire_format_lite.cc)
  D:\Mobile\frameworks\cocos2d-x\tools\simulator\libsimulator\lib\protobuf-lite\google/protobuf/repeated_field.h(785): note: 参见对正在编译的函数 模板 实例化“_OutIt std::copy<const Element[],Element[]>(_InIt,_InIt,_OutIt)”的引用
          with
          [
              _OutIt=google::protobuf::uint64 [],
              Element=google::protobuf::uint64,
              _InIt=const google::protobuf::uint64 []
          ] (编译源文件 ..\lib\protobuf-lite\google\protobuf\wire_format_lite.cc)
  D:\Mobile\frameworks\cocos2d-x\tools\simulator\libsimulator\lib\protobuf-lite\google/protobuf/repeated_field.h(784): note: 编译类 模板 成员函数“void google::protobuf::internal::ElementCopier<Element,false>::operator ()(Element [],const Element [],int)”时
          with
          [
              Element=google::protobuf::uint64
          ] (编译源文件 ..\lib\protobuf-lite\google\protobuf\wire_format_lite.cc)
  D:\Mobile\frameworks\cocos2d-x\tools\simulator\libsimulator\lib\protobuf-lite\google/protobuf/repeated_field.h(777): note: 参见对正在编译的函数 模板 实例化“void google::protobuf::internal::ElementCopier<Element,false>::operator ()(Element [],const Element [],int)”的引用
          with
          [
              Element=google::protobuf::uint64
          ] (编译源文件 ..\lib\protobuf-lite\google\protobuf\wire_format_lite.cc)
  D:\Mobile\frameworks\cocos2d-x\tools\simulator\libsimulator\lib\protobuf-lite\google/protobuf/repeated_field.h(777): note: 参见对正在编译的类 模板 实例化“google::protobuf::internal::ElementCopier<Element,false>”的引用
          with
          [
              Element=google::protobuf::uint64
          ] (编译源文件 ..\lib\protobuf-lite\google\protobuf\wire_format_lite.cc)
  D:\Mobile\frameworks\cocos2d-x\tools\simulator\libsimulator\lib\protobuf-lite\google/protobuf/repeated_field.h(776): note: 编译类 模板 成员函数“void google::protobuf::RepeatedField<google::protobuf::uint64>::CopyArray(Element [],const Element [],int)”时
          with
          [
              Element=google::protobuf::uint64
          ] (编译源文件 ..\lib\protobuf-lite\google\protobuf\wire_format_lite.cc)
  D:\Mobile\frameworks\cocos2d-x\tools\simulator\libsimulator\lib\protobuf-lite\google/protobuf/repeated_field.h(771): note: 参见对正在编译的函数 模板 实例化“void google::protobuf::RepeatedField<google::protobuf::uint64>::CopyArray(Element [],const Element [],int)”的引用
          with
          [
              Element=google::protobuf::uint64
          ] (编译源文件 ..\lib\protobuf-lite\google\protobuf\wire_format_lite.cc)
  D:\Mobile\frameworks\cocos2d-x\tools\simulator\libsimulator\lib\protobuf-lite\google/protobuf/repeated_field.h(770): note: 编译类 模板 成员函数“void google::protobuf::RepeatedField<google::protobuf::uint64>::MoveArray(Element [],Element [],int)”时
          with
          [
              Element=google::protobuf::uint64
          ] (编译源文件 ..\lib\protobuf-lite\google\protobuf\wire_format_lite.cc)
  D:\Mobile\frameworks\cocos2d-x\tools\simulator\libsimulator\lib\protobuf-lite\google/protobuf/repeated_field.h(757): note: 参见对正在编译的函数 模板 实例化“void google::protobuf::RepeatedField<google::protobuf::uint64>::MoveArray(Element [],Element [],int)”的引用
          with
          [
              Element=google::protobuf::uint64
          ] (编译源文件 ..\lib\protobuf-lite\google\protobuf\wire_format_lite.cc)
  D:\Mobile\frameworks\cocos2d-x\tools\simulator\libsimulator\lib\protobuf-lite\google/protobuf/repeated_field.h(749): note: 编译类 模板 成员函数“void google::protobuf::RepeatedField<google::protobuf::uint64>::Reserve(int)”时 (编译源文件 ..\lib\protobuf-lite\google\protobuf\wire_format_lite.cc)
  D:\Mobile\frameworks\cocos2d-x\tools\simulator\libsimulator\lib\protobuf-lite\google/protobuf/repeated_field.h(631): note: 参见对正在编译的函数 模板 实例化“void google::protobuf::RepeatedField<google::protobuf::uint64>::Reserve(int)”的引用 (编译源文件 ..\lib\protobuf-lite\google\protobuf\wire_format_lite.cc)
  D:\Mobile\frameworks\cocos2d-x\tools\simulator\libsimulator\lib\protobuf-lite\google/protobuf/repeated_field.h(590): note: 编译类 模板 成员函数“int google::protobuf::RepeatedField<google::protobuf::uint64>::size(void) const”时 (编译源文件 ..\lib\protobuf-lite\google\protobuf\wire_format_lite.cc)
  D:\Mobile\frameworks\cocos2d-x\tools\simulator\libsimulator\lib\protobuf-lite\google/protobuf/wire_format_lite_inl.h(269): note: 参见对正在编译的函数 模板 实例化“int google::protobuf::RepeatedField<google::protobuf::uint64>::size(void) const”的引用 (编译源文件 ..\lib\protobuf-lite\google\protobuf\wire_format_lite.cc)
  D:\Mobile\frameworks\cocos2d-x\tools\simulator\libsimulator\lib\protobuf-lite\google/protobuf/wire_format_lite_inl.h(250): note: 参见对正在编译的类 模板 实例化“google::protobuf::RepeatedField<google::protobuf::uint64>”的引用 (编译源文件 ..\lib\protobuf-lite\google\protobuf\wire_format_lite.cc)
  D:\Mobile\frameworks\cocos2d-x\tools\simulator\libsimulator\lib\protobuf-lite\google/protobuf/wire_format_lite_inl.h(303): note: 参见对正在编译的函数 模板 实例化“bool google::protobuf::internal::WireFormatLite::ReadRepeatedFixedSizePrimitive<google::protobuf::uint64,google::protobuf::internal::WireFormatLite::TYPE_FIXED64>(int,google::protobuf::uint32,google::protobuf::io::CodedInputStream *,google::protobuf::RepeatedField<google::protobuf::uint64> *)”的引用 (编译源文件 ..\lib\protobuf-lite\google\protobuf\wire_format_lite.cc)
  FileServer.cpp
  Landscape_png.cpp
  PlayDisable_png.cpp
  PlayEnable_png.cpp
  Portrait_png.cpp
  Protos.pb.cc
  Runtime.cpp
  RuntimeCCSImpl.cpp
C:\Program Files (x86)\Microsoft Visual Studio 14.0\VC\include\xutility(2372): warning C4996: 'std::copy::_Unchecked_iterators::_Deprecate': Call to 'std::copy' with parameters that may be unsafe - this call relies on the caller to check that the passed values are correct. To disable this warning, use -D_SCL_SECURE_NO_WARNINGS. See documentation on how to use Visual C++ 'Checked Iterators' (编译源文件 ..\lib\runtime\Protos.pb.cc)
  C:\Program Files (x86)\Microsoft Visual Studio 14.0\VC\include\xutility(2372): note: 参见“std::copy::_Unchecked_iterators::_Deprecate”的声明 (编译源文件 ..\lib\runtime\Protos.pb.cc)
  D:\Mobile\frameworks\cocos2d-x\tools\simulator\libsimulator\lib\protobuf-lite\google/protobuf/repeated_field.h(785): note: 参见对正在编译的函数 模板 实例化“_OutIt std::copy<const Element[],Element[]>(_InIt,_InIt,_OutIt)”的引用
          with
          [
              _OutIt=google::protobuf::int64 [],
              Element=google::protobuf::int64,
              _InIt=const google::protobuf::int64 []
          ] (编译源文件 ..\lib\runtime\Protos.pb.cc)
  D:\Mobile\frameworks\cocos2d-x\tools\simulator\libsimulator\lib\protobuf-lite\google/protobuf/repeated_field.h(784): note: 编译类 模板 成员函数“void google::protobuf::internal::ElementCopier<Element,false>::operator ()(Element [],const Element [],int)”时
          with
          [
              Element=google::protobuf::int64
          ] (编译源文件 ..\lib\runtime\Protos.pb.cc)
  D:\Mobile\frameworks\cocos2d-x\tools\simulator\libsimulator\lib\protobuf-lite\google/protobuf/repeated_field.h(777): note: 参见对正在编译的函数 模板 实例化“void google::protobuf::internal::ElementCopier<Element,false>::operator ()(Element [],const Element [],int)”的引用
          with
          [
              Element=google::protobuf::int64
          ] (编译源文件 ..\lib\runtime\Protos.pb.cc)
  D:\Mobile\frameworks\cocos2d-x\tools\simulator\libsimulator\lib\protobuf-lite\google/protobuf/repeated_field.h(777): note: 参见对正在编译的类 模板 实例化“google::protobuf::internal::ElementCopier<Element,false>”的引用
          with
          [
              Element=google::protobuf::int64
          ] (编译源文件 ..\lib\runtime\Protos.pb.cc)
  D:\Mobile\frameworks\cocos2d-x\tools\simulator\libsimulator\lib\protobuf-lite\google/protobuf/repeated_field.h(776): note: 编译类 模板 成员函数“void google::protobuf::RepeatedField<google::protobuf::int64>::CopyArray(Element [],const Element [],int)”时
          with
          [
              Element=google::protobuf::int64
          ] (编译源文件 ..\lib\runtime\Protos.pb.cc)
  D:\Mobile\frameworks\cocos2d-x\tools\simulator\libsimulator\lib\protobuf-lite\google/protobuf/repeated_field.h(771): note: 参见对正在编译的函数 模板 实例化“void google::protobuf::RepeatedField<google::protobuf::int64>::CopyArray(Element [],const Element [],int)”的引用
          with
          [
              Element=google::protobuf::int64
          ] (编译源文件 ..\lib\runtime\Protos.pb.cc)
  D:\Mobile\frameworks\cocos2d-x\tools\simulator\libsimulator\lib\protobuf-lite\google/protobuf/repeated_field.h(770): note: 编译类 模板 成员函数“void google::protobuf::RepeatedField<google::protobuf::int64>::MoveArray(Element [],Element [],int)”时
          with
          [
              Element=google::protobuf::int64
          ] (编译源文件 ..\lib\runtime\Protos.pb.cc)
  D:\Mobile\frameworks\cocos2d-x\tools\simulator\libsimulator\lib\protobuf-lite\google/protobuf/repeated_field.h(757): note: 参见对正在编译的函数 模板 实例化“void google::protobuf::RepeatedField<google::protobuf::int64>::MoveArray(Element [],Element [],int)”的引用
          with
          [
              Element=google::protobuf::int64
          ] (编译源文件 ..\lib\runtime\Protos.pb.cc)
  D:\Mobile\frameworks\cocos2d-x\tools\simulator\libsimulator\lib\protobuf-lite\google/protobuf/repeated_field.h(749): note: 编译类 模板 成员函数“void google::protobuf::RepeatedField<google::protobuf::int64>::Reserve(int)”时 (编译源文件 ..\lib\runtime\Protos.pb.cc)
  D:\Mobile\frameworks\cocos2d-x\tools\simulator\libsimulator\lib\protobuf-lite\google/protobuf/repeated_field.h(631): note: 参见对正在编译的函数 模板 实例化“void google::protobuf::RepeatedField<google::protobuf::int64>::Reserve(int)”的引用 (编译源文件 ..\lib\runtime\Protos.pb.cc)
  D:\Mobile\frameworks\cocos2d-x\tools\simulator\libsimulator\lib\protobuf-lite\google/protobuf/repeated_field.h(590): note: 编译类 模板 成员函数“int google::protobuf::RepeatedField<google::protobuf::int64>::size(void) const”时 (编译源文件 ..\lib\runtime\Protos.pb.cc)
  D:\Mobile\frameworks\cocos2d-x\tools\simulator\libsimulator\lib\protobuf-lite\google/protobuf/wire_format_lite_inl.h(269): note: 参见对正在编译的函数 模板 实例化“int google::protobuf::RepeatedField<google::protobuf::int64>::size(void) const”的引用 (编译源文件 ..\lib\runtime\Protos.pb.cc)
  D:\Mobile\frameworks\cocos2d-x\tools\simulator\libsimulator\lib\protobuf-lite\google/protobuf/wire_format_lite_inl.h(250): note: 参见对正在编译的类 模板 实例化“google::protobuf::RepeatedField<google::protobuf::int64>”的引用 (编译源文件 ..\lib\runtime\Protos.pb.cc)
  D:\Mobile\frameworks\cocos2d-x\tools\simulator\libsimulator\lib\protobuf-lite\google/protobuf/wire_format_lite_inl.h(305): note: 参见对正在编译的函数 模板 实例化“bool google::protobuf::internal::WireFormatLite::ReadRepeatedFixedSizePrimitive<google::protobuf::int64,google::protobuf::internal::WireFormatLite::TYPE_SFIXED64>(int,google::protobuf::uint32,google::protobuf::io::CodedInputStream *,google::protobuf::RepeatedField<google::protobuf::int64> *)”的引用 (编译源文件 ..\lib\runtime\Protos.pb.cc)
  RuntimeProtocol.cpp
..\lib\runtime\ConfigParser.cpp(110): warning C4018: “<”: 有符号/无符号不匹配
..\lib\runtime\FileServer.cpp(144): warning C4477: “fprintf”: 格式字符串“%s”需要类型“char *”的参数，但可变参数 2 拥有了类型“WCHAR *”
  ..\lib\runtime\FileServer.cpp(144): note: 请考虑在格式字符串中使用“%ls”
  ..\lib\runtime\FileServer.cpp(144): note: 请考虑在格式字符串中使用“%lls”
  ..\lib\runtime\FileServer.cpp(144): note: 请考虑在格式字符串中使用“%Ls”
  ..\lib\runtime\FileServer.cpp(144): note: 请考虑在格式字符串中使用“%ws”
  Shine_png.cpp
  VisibleRect.cpp
  Runtime_win32.cpp
  stdafx.cpp
atomicops_internals_x86_gcc.obj : warning LNK4221: 此对象文件未定义任何之前未定义的公共符号，因此任何耗用此库的链接操作都不会使用此文件
PlayerUtils.obj : warning LNK4221: 此对象文件未定义任何之前未定义的公共符号，因此任何耗用此库的链接操作都不会使用此文件
  libsimulator.vcxproj -> D:\Mobile\frameworks\runtime-src\proj.win32\Debug.win32\libsimulator.lib
